<?xml version="1.0" encoding="UTF-8"?>
<robot generator="Robot 6.1 (Python 3.11.4 on darwin)" generated="20230619 20:53:53.518" rpa="false" schemaversion="4">
<suite id="s1" name="Robot Test" source="/Users/user/Desktop/robot_test">
<suite id="s1-s1" name="Text" source="/Users/user/Desktop/robot_test/text.robot">
<test id="s1-s1-t1" name="Test" line="9">
<kw name="Open Browser" library="SeleniumLibrary">
<arg>${URL}</arg>
<arg>${BROWSER}</arg>
<doc>Opens a new browser instance to the optional ``url``.</doc>
<msg timestamp="20230619 20:53:53.690" level="INFO">Opening browser 'safari' to base url 'https://www.auctionexport.com/en/Profile/LogIn'.</msg>
<status status="PASS" starttime="20230619 20:53:53.689" endtime="20230619 20:53:57.740"/>
</kw>
<kw name="Maximize Browser Window" library="SeleniumLibrary">
<doc>Maximizes current browser window.</doc>
<status status="PASS" starttime="20230619 20:53:57.744" endtime="20230619 20:53:57.797"/>
</kw>
<kw name="Input Text" library="SeleniumLibrary">
<arg>id=id_Email_Field</arg>
<arg>thiaremohamed.mt@gmail.com</arg>
<doc>Types the given ``text`` into the text field identified by ``locator``.</doc>
<msg timestamp="20230619 20:53:57.803" level="INFO">Typing text 'thiaremohamed.mt@gmail.com' into text field 'id=id_Email_Field'.</msg>
<status status="PASS" starttime="20230619 20:53:57.798" endtime="20230619 20:53:58.190"/>
</kw>
<kw name="Input Text" library="SeleniumLibrary">
<arg>id=id_Password_Field</arg>
<arg>qwerty123</arg>
<doc>Types the given ``text`` into the text field identified by ``locator``.</doc>
<msg timestamp="20230619 20:53:58.192" level="INFO">Typing text 'qwerty123' into text field 'id=id_Password_Field'.</msg>
<status status="PASS" starttime="20230619 20:53:58.191" endtime="20230619 20:53:58.279"/>
</kw>
<kw name="Click Element" library="SeleniumLibrary">
<arg>id=id_btnLogin</arg>
<doc>Click the element identified by ``locator``.</doc>
<msg timestamp="20230619 20:53:58.280" level="INFO">Clicking element 'id=id_btnLogin'.</msg>
<status status="PASS" starttime="20230619 20:53:58.280" endtime="20230619 20:53:58.322"/>
</kw>
<kw name="Sleep" library="BuiltIn">
<arg>5s</arg>
<doc>Pauses the test executed for the given time.</doc>
<msg timestamp="20230619 20:54:03.325" level="INFO">Slept 5 seconds</msg>
<status status="PASS" starttime="20230619 20:53:58.323" endtime="20230619 20:54:03.326"/>
</kw>
<kw name="Mouse Down" library="SeleniumLibrary">
<arg>id=id_LoginPartial_Header</arg>
<doc>Simulates pressing the left mouse button on the element ``locator``.</doc>
<msg timestamp="20230619 20:54:03.328" level="INFO">Simulating Mouse Down on element 'id=id_LoginPartial_Header'.</msg>
<status status="PASS" starttime="20230619 20:54:03.327" endtime="20230619 20:54:03.842"/>
</kw>
<kw name="Click Element" library="SeleniumLibrary">
<arg>id=id_logoutForm</arg>
<doc>Click the element identified by ``locator``.</doc>
<msg timestamp="20230619 20:54:03.843" level="INFO">Clicking element 'id=id_logoutForm'.</msg>
<status status="PASS" starttime="20230619 20:54:03.842" endtime="20230619 20:54:03.890"/>
</kw>
<kw name="Sleep" library="BuiltIn">
<arg>10s</arg>
<doc>Pauses the test executed for the given time.</doc>
<msg timestamp="20230619 20:54:13.892" level="INFO">Slept 10 seconds</msg>
<status status="PASS" starttime="20230619 20:54:03.890" endtime="20230619 20:54:13.893"/>
</kw>
<status status="PASS" starttime="20230619 20:53:53.687" endtime="20230619 20:54:13.894"/>
</test>
<status status="PASS" starttime="20230619 20:53:53.548" endtime="20230619 20:54:13.895"/>
</suite>
<status status="PASS" starttime="20230619 20:53:53.523" endtime="20230619 20:54:13.897"/>
</suite>
<statistics>
<total>
<stat pass="1" fail="0" skip="0">All Tests</stat>
</total>
<tag>
</tag>
<suite>
<stat pass="1" fail="0" skip="0" id="s1" name="Robot Test">Robot Test</stat>
<stat pass="1" fail="0" skip="0" id="s1-s1" name="Text">Robot Test.Text</stat>
</suite>
</statistics>
<errors>
</errors>
</robot>
